<?xml version="1.0" encoding="UTF-8"?>
<!-- Generated by org.testng.reporters.JUnitReportReporter -->
<testsuite skipped="0" hostname="DESKTOP-TD6L0N5" name="tests.AddProductToShoppingCartTestPT" tests="4" failures="0" timestamp="10 Jan 2020 17:43:37 GMT" time="25.511" errors="0">
  <testcase name="UserCanSearchWithAutoSuggest" time="8.945" classname="tests.AddProductToShoppingCartTestPT"/>
  <testcase name="UserCanAddProductToShoppingCart" time="4.737" classname="tests.AddProductToShoppingCartTestPT"/>
  <testcase name="addQunatity" time="7.002" classname="tests.AddProductToShoppingCartTestPT"/>
  <testcase name="UserCanRemoveProductFromCart" time="4.827" classname="tests.AddProductToShoppingCartTestPT"/>
</testsuite> <!-- tests.AddProductToShoppingCartTestPT -->
