<?xml version="1.0" encoding="UTF-8"?>
<!-- Generated by org.testng.reporters.JUnitReportReporter -->
<testsuite skipped="0" hostname="DESKTOP-TD6L0N5" name="tests.SearchProductPT" tests="1" failures="0" timestamp="10 Jan 2020 17:43:37 GMT" time="8.071" errors="0">
  <testcase name="UserCanSearchForProducts" time="8.071" classname="tests.SearchProductPT"/>
</testsuite> <!-- tests.SearchProductPT -->
