<?xml version="1.0" encoding="UTF-8"?>
<!-- Generated by org.testng.reporters.JUnitReportReporter -->
<testsuite skipped="0" hostname="DESKTOP-TD6L0N5" name="tests.SearchProductTest" tests="1" failures="0" timestamp="08 Jan 2020 17:11:47 GMT" time="4.001" errors="0">
  <testcase name="UserCanSearchForProducts" time="4.001" classname="tests.SearchProductTest"/>
</testsuite> <!-- tests.SearchProductTest -->
