<?xml version="1.0" encoding="UTF-8"?>
<!-- Generated by org.testng.reporters.JUnitReportReporter -->
<testsuite skipped="0" hostname="DESKTOP-TD6L0N5" name="tests.AddProductToShoppingCartTest" tests="4" failures="0" timestamp="31 Dec 2019 19:52:34 GMT" time="12.624" errors="0">
  <testcase name="UserCanSearchWithAutoSuggest" time="5.390" classname="tests.AddProductToShoppingCartTest"/>
  <testcase name="UserCanAddProductToShoppingCart" time="3.640" classname="tests.AddProductToShoppingCartTest"/>
  <testcase name="addQunatity" time="1.844" classname="tests.AddProductToShoppingCartTest"/>
  <testcase name="UserCanRemoveProductFromCart" time="1.750" classname="tests.AddProductToShoppingCartTest"/>
</testsuite> <!-- tests.AddProductToShoppingCartTest -->
